<?xml version="1.0" encoding="UTF-8" ?>
<testsuite tests="5" failures="2" name="TestSuite" time="47.151" errors="0" skipped="0">
  <properties>
[...]
</properties>
  <testcase classname="Demo.Qa.Tests.DashboardPageTest" name="CliclOnMyInfo" time="21.084">
    <failure message="no such element: Unable to locate element: {&quot;method&quot;:&quot;css selector&quot;,&quot;selector&quot;:&quot;#menu_pim_viewMyDetails&quot;}
  (Session info: chrome=85.0.4183.121)
For documentation on this error, please visit: http://seleniumhq.org/exceptions/no_such_element.html
Build info: version: &apos;3.14.0&apos;, revision: &apos;aacccce0&apos;, time: &apos;2018-08-02T20:19:58.91Z&apos;
System info: host: &apos;DESKTOP-U1JSMPG&apos;, ip: &apos;192.168.1.7&apos;, os.name: &apos;Windows 10&apos;, os.arch: &apos;amd64&apos;, os.version: &apos;10.0&apos;, java.version: &apos;1.8.0_241&apos;
Driver info: org.openqa.selenium.chrome.ChromeDriver
Capabilities {acceptInsecureCerts: false, browserName: chrome, browserVersion: 85.0.4183.121, chrome: {chromedriverVersion: 85.0.4183.87 (cd6713ebf92fa..., userDataDir: C:\Users\Divyaa\AppData\Loc...}, goog:chromeOptions: {debuggerAddress: localhost:52366}, javascriptEnabled: true, networkConnectionEnabled: false, pageLoadStrategy: normal, platform: WINDOWS, platformName: WINDOWS, proxy: Proxy(), setWindowRect: true, strictFileInteractability: false, timeouts: {implicit: 0, pageLoad: 300000, script: 30000}, unhandledPromptBehavior: dismiss and notify, webauthn:virtualAuthenticators: true}
Session ID: d733fbe72505b94c42ab9ac1a5fc809b
*** Element info: {Using=id, value=menu_pim_viewMyDetails}" type="org.openqa.selenium.NoSuchElementException">org.openqa.selenium.NoSuchElementException: no such element: Unable to locate element: {&quot;method&quot;:&quot;css selector&quot;,&quot;selector&quot;:&quot;#menu_pim_viewMyDetails&quot;}
  (Session info: chrome=85.0.4183.121)
For documentation on this error, please visit: http://seleniumhq.org/exceptions/no_such_element.html
Build info: version: &apos;3.14.0&apos;, revision: &apos;aacccce0&apos;, time: &apos;2018-08-02T20:19:58.91Z&apos;
System info: host: &apos;DESKTOP-U1JSMPG&apos;, ip: &apos;192.168.1.7&apos;, os.name: &apos;Windows 10&apos;, os.arch: &apos;amd64&apos;, os.version: &apos;10.0&apos;, java.version: &apos;1.8.0_241&apos;
Driver info: org.openqa.selenium.chrome.ChromeDriver
Capabilities {acceptInsecureCerts: false, browserName: chrome, browserVersion: 85.0.4183.121, chrome: {chromedriverVersion: 85.0.4183.87 (cd6713ebf92fa..., userDataDir: C:\Users\Divyaa\AppData\Loc...}, goog:chromeOptions: {debuggerAddress: localhost:52366}, javascriptEnabled: true, networkConnectionEnabled: false, pageLoadStrategy: normal, platform: WINDOWS, platformName: WINDOWS, proxy: Proxy(), setWindowRect: true, strictFileInteractability: false, timeouts: {implicit: 0, pageLoad: 300000, script: 30000}, unhandledPromptBehavior: dismiss and notify, webauthn:virtualAuthenticators: true}
Session ID: d733fbe72505b94c42ab9ac1a5fc809b
*** Element info: {Using=id, value=menu_pim_viewMyDetails}
	at sun.reflect.NativeConstructorAccessorImpl.newInstance0(Native Method)
	at sun.reflect.NativeConstructorAccessorImpl.newInstance(NativeConstructorAccessorImpl.java:62)
	at sun.reflect.DelegatingConstructorAccessorImpl.newInstance(DelegatingConstructorAccessorImpl.java:45)
	at java.lang.reflect.Constructor.newInstance(Constructor.java:423)
	at org.openqa.selenium.remote.http.W3CHttpResponseCodec.createException(W3CHttpResponseCodec.java:187)
	at org.openqa.selenium.remote.http.W3CHttpResponseCodec.decode(W3CHttpResponseCodec.java:122)
	at org.openqa.selenium.remote.http.W3CHttpResponseCodec.decode(W3CHttpResponseCodec.java:49)
	at org.openqa.selenium.remote.HttpCommandExecutor.execute(HttpCommandExecutor.java:158)
	at org.openqa.selenium.remote.service.DriverCommandExecutor.execute(DriverCommandExecutor.java:83)
	at org.openqa.selenium.remote.RemoteWebDriver.execute(RemoteWebDriver.java:548)
	at org.openqa.selenium.remote.RemoteWebDriver.findElement(RemoteWebDriver.java:322)
	at org.openqa.selenium.remote.RemoteWebDriver.findElementById(RemoteWebDriver.java:368)
	at org.openqa.selenium.By$ById.findElement(By.java:188)
	at org.openqa.selenium.remote.RemoteWebDriver.findElement(RemoteWebDriver.java:314)
	at sun.reflect.NativeMethodAccessorImpl.invoke0(Native Method)
	at sun.reflect.NativeMethodAccessorImpl.invoke(NativeMethodAccessorImpl.java:62)
	at sun.reflect.DelegatingMethodAccessorImpl.invoke(DelegatingMethodAccessorImpl.java:43)
	at java.lang.reflect.Method.invoke(Method.java:498)
	at org.openqa.selenium.support.events.EventFiringWebDriver.lambda$new$1(EventFiringWebDriver.java:105)
	at com.sun.proxy.$Proxy6.findElement(Unknown Source)
	at org.openqa.selenium.support.events.EventFiringWebDriver.findElement(EventFiringWebDriver.java:194)
	at org.openqa.selenium.support.pagefactory.DefaultElementLocator.findElement(DefaultElementLocator.java:69)
	at org.openqa.selenium.support.pagefactory.internal.LocatingElementHandler.invoke(LocatingElementHandler.java:38)
	at com.sun.proxy.$Proxy11.click(Unknown Source)
	at Demo.Qa.Pages.DashboardPage.ClickOnMyInfoButton(DashboardPage.java:27)
	at Demo.Qa.Tests.DashboardPageTest.CliclOnMyInfo(DashboardPageTest.java:41)
</failure>
    <system-out>Configuring TestNG with: org.apache.maven.surefire.testng.conf.TestNG652Configurator@71dac704
Before navigating to: &apos;https://opensource-demo.orangehrmlive.com/index.php/auth/login&apos;
Navigated to:&apos;https://opensource-demo.orangehrmlive.com/index.php/auth/login&apos;
Trying to find Element By : By.id: menu_pim_viewMyDetails
Exception occured: org.openqa.selenium.NoSuchElementException: no such element: Unable to locate element: {&quot;method&quot;:&quot;css selector&quot;,&quot;selector&quot;:&quot;#menu_pim_viewMyDetails&quot;}
  (Session info: chrome=85.0.4183.121)
For documentation on this error, please visit: http://seleniumhq.org/exceptions/no_such_element.html
Build info: version: &apos;3.14.0&apos;, revision: &apos;aacccce0&apos;, time: &apos;2018-08-02T20:19:58.91Z&apos;
System info: host: &apos;DESKTOP-U1JSMPG&apos;, ip: &apos;192.168.1.7&apos;, os.name: &apos;Windows 10&apos;, os.arch: &apos;amd64&apos;, os.version: &apos;10.0&apos;, java.version: &apos;1.8.0_241&apos;
Driver info: org.openqa.selenium.chrome.ChromeDriver
Capabilities {acceptInsecureCerts: false, browserName: chrome, browserVersion: 85.0.4183.121, chrome: {chromedriverVersion: 85.0.4183.87 (cd6713ebf92fa..., userDataDir: C:\Users\Divyaa\AppData\Loc...}, goog:chromeOptions: {debuggerAddress: localhost:52366}, javascriptEnabled: true, networkConnectionEnabled: false, pageLoadStrategy: normal, platform: WINDOWS, platformName: WINDOWS, proxy: Proxy(), setWindowRect: true, strictFileInteractability: false, timeouts: {implicit: 0, pageLoad: 300000, script: 30000}, unhandledPromptBehavior: dismiss and notify, webauthn:virtualAuthenticators: true}
Session ID: d733fbe72505b94c42ab9ac1a5fc809b
*** Element info: {Using=id, value=menu_pim_viewMyDetails}
User Dir: D:\Eclipse_Neon_Workspace\SeleniumDemoProject
</system-out>
    <system-err>Starting ChromeDriver 85.0.4183.87 (cd6713ebf92fa1cacc0f1a598df280093af0c5d7-refs/branch-heads/4183@{#1689}) on port 3085
Only local connections are allowed.
Please see https://chromedriver.chromium.org/security-considerations for suggestions on keeping ChromeDriver safe.
ChromeDriver was started successfully.
Oct 06, 2020 9:56:52 PM org.openqa.selenium.remote.ProtocolHandshake createSession
INFO: Detected dialect: W3C
</system-err>
  </testcase>
  <testcase classname="Demo.Qa.Tests.DashboardPageTest" name="DashboardPageTitleTest" time="0.005"/>
  <testcase classname="Demo.Qa.Tests.DashboardPageTest" name="tearDown" time="21.246">
    <failure message="no such element: Unable to locate element: {&quot;method&quot;:&quot;css selector&quot;,&quot;selector&quot;:&quot;#welcome&quot;}
  (Session info: chrome=85.0.4183.121)
For documentation on this error, please visit: http://seleniumhq.org/exceptions/no_such_element.html
Build info: version: &apos;3.14.0&apos;, revision: &apos;aacccce0&apos;, time: &apos;2018-08-02T20:19:58.91Z&apos;
System info: host: &apos;DESKTOP-U1JSMPG&apos;, ip: &apos;192.168.1.7&apos;, os.name: &apos;Windows 10&apos;, os.arch: &apos;amd64&apos;, os.version: &apos;10.0&apos;, java.version: &apos;1.8.0_241&apos;
Driver info: org.openqa.selenium.chrome.ChromeDriver
Capabilities {acceptInsecureCerts: false, browserName: chrome, browserVersion: 85.0.4183.121, chrome: {chromedriverVersion: 85.0.4183.87 (cd6713ebf92fa..., userDataDir: C:\Users\Divyaa\AppData\Loc...}, goog:chromeOptions: {debuggerAddress: localhost:52366}, javascriptEnabled: true, networkConnectionEnabled: false, pageLoadStrategy: normal, platform: WINDOWS, platformName: WINDOWS, proxy: Proxy(), setWindowRect: true, strictFileInteractability: false, timeouts: {implicit: 0, pageLoad: 300000, script: 30000}, unhandledPromptBehavior: dismiss and notify, webauthn:virtualAuthenticators: true}
Session ID: d733fbe72505b94c42ab9ac1a5fc809b
*** Element info: {Using=id, value=welcome}" type="org.openqa.selenium.NoSuchElementException">org.openqa.selenium.NoSuchElementException: no such element: Unable to locate element: {&quot;method&quot;:&quot;css selector&quot;,&quot;selector&quot;:&quot;#welcome&quot;}
  (Session info: chrome=85.0.4183.121)
For documentation on this error, please visit: http://seleniumhq.org/exceptions/no_such_element.html
Build info: version: &apos;3.14.0&apos;, revision: &apos;aacccce0&apos;, time: &apos;2018-08-02T20:19:58.91Z&apos;
System info: host: &apos;DESKTOP-U1JSMPG&apos;, ip: &apos;192.168.1.7&apos;, os.name: &apos;Windows 10&apos;, os.arch: &apos;amd64&apos;, os.version: &apos;10.0&apos;, java.version: &apos;1.8.0_241&apos;
Driver info: org.openqa.selenium.chrome.ChromeDriver
Capabilities {acceptInsecureCerts: false, browserName: chrome, browserVersion: 85.0.4183.121, chrome: {chromedriverVersion: 85.0.4183.87 (cd6713ebf92fa..., userDataDir: C:\Users\Divyaa\AppData\Loc...}, goog:chromeOptions: {debuggerAddress: localhost:52366}, javascriptEnabled: true, networkConnectionEnabled: false, pageLoadStrategy: normal, platform: WINDOWS, platformName: WINDOWS, proxy: Proxy(), setWindowRect: true, strictFileInteractability: false, timeouts: {implicit: 0, pageLoad: 300000, script: 30000}, unhandledPromptBehavior: dismiss and notify, webauthn:virtualAuthenticators: true}
Session ID: d733fbe72505b94c42ab9ac1a5fc809b
*** Element info: {Using=id, value=welcome}
	at sun.reflect.NativeConstructorAccessorImpl.newInstance0(Native Method)
	at sun.reflect.NativeConstructorAccessorImpl.newInstance(NativeConstructorAccessorImpl.java:62)
	at sun.reflect.DelegatingConstructorAccessorImpl.newInstance(DelegatingConstructorAccessorImpl.java:45)
	at java.lang.reflect.Constructor.newInstance(Constructor.java:423)
	at org.openqa.selenium.remote.http.W3CHttpResponseCodec.createException(W3CHttpResponseCodec.java:187)
	at org.openqa.selenium.remote.http.W3CHttpResponseCodec.decode(W3CHttpResponseCodec.java:122)
	at org.openqa.selenium.remote.http.W3CHttpResponseCodec.decode(W3CHttpResponseCodec.java:49)
	at org.openqa.selenium.remote.HttpCommandExecutor.execute(HttpCommandExecutor.java:158)
	at org.openqa.selenium.remote.service.DriverCommandExecutor.execute(DriverCommandExecutor.java:83)
	at org.openqa.selenium.remote.RemoteWebDriver.execute(RemoteWebDriver.java:548)
	at org.openqa.selenium.remote.RemoteWebDriver.findElement(RemoteWebDriver.java:322)
	at org.openqa.selenium.remote.RemoteWebDriver.findElementById(RemoteWebDriver.java:368)
	at org.openqa.selenium.By$ById.findElement(By.java:188)
	at org.openqa.selenium.remote.RemoteWebDriver.findElement(RemoteWebDriver.java:314)
	at sun.reflect.NativeMethodAccessorImpl.invoke0(Native Method)
	at sun.reflect.NativeMethodAccessorImpl.invoke(NativeMethodAccessorImpl.java:62)
	at sun.reflect.DelegatingMethodAccessorImpl.invoke(DelegatingMethodAccessorImpl.java:43)
	at java.lang.reflect.Method.invoke(Method.java:498)
	at org.openqa.selenium.support.events.EventFiringWebDriver.lambda$new$1(EventFiringWebDriver.java:105)
	at com.sun.proxy.$Proxy6.findElement(Unknown Source)
	at org.openqa.selenium.support.events.EventFiringWebDriver.findElement(EventFiringWebDriver.java:194)
	at org.openqa.selenium.support.pagefactory.DefaultElementLocator.findElement(DefaultElementLocator.java:69)
	at org.openqa.selenium.support.pagefactory.internal.LocatingElementHandler.invoke(LocatingElementHandler.java:38)
	at com.sun.proxy.$Proxy11.click(Unknown Source)
	at Demo.Qa.Pages.DashboardPage.Logout(DashboardPage.java:33)
	at Demo.Qa.Tests.DashboardPageTest.tearDown(DashboardPageTest.java:29)
</failure>
    <system-out>Trying to find Element By : By.id: welcome
Exception occured: org.openqa.selenium.NoSuchElementException: no such element: Unable to locate element: {&quot;method&quot;:&quot;css selector&quot;,&quot;selector&quot;:&quot;#welcome&quot;}
  (Session info: chrome=85.0.4183.121)
For documentation on this error, please visit: http://seleniumhq.org/exceptions/no_such_element.html
Build info: version: &apos;3.14.0&apos;, revision: &apos;aacccce0&apos;, time: &apos;2018-08-02T20:19:58.91Z&apos;
System info: host: &apos;DESKTOP-U1JSMPG&apos;, ip: &apos;192.168.1.7&apos;, os.name: &apos;Windows 10&apos;, os.arch: &apos;amd64&apos;, os.version: &apos;10.0&apos;, java.version: &apos;1.8.0_241&apos;
Driver info: org.openqa.selenium.chrome.ChromeDriver
Capabilities {acceptInsecureCerts: false, browserName: chrome, browserVersion: 85.0.4183.121, chrome: {chromedriverVersion: 85.0.4183.87 (cd6713ebf92fa..., userDataDir: C:\Users\Divyaa\AppData\Loc...}, goog:chromeOptions: {debuggerAddress: localhost:52366}, javascriptEnabled: true, networkConnectionEnabled: false, pageLoadStrategy: normal, platform: WINDOWS, platformName: WINDOWS, proxy: Proxy(), setWindowRect: true, strictFileInteractability: false, timeouts: {implicit: 0, pageLoad: 300000, script: 30000}, unhandledPromptBehavior: dismiss and notify, webauthn:virtualAuthenticators: true}
Session ID: d733fbe72505b94c42ab9ac1a5fc809b
*** Element info: {Using=id, value=welcome}
User Dir: D:\Eclipse_Neon_Workspace\SeleniumDemoProject
</system-out>
  </testcase>
  <testcase classname="Demo.Qa.Tests.LoginPageTest" name="LoginPageTitleTest" time="0.007"/>
  <testcase classname="Demo.Qa.Tests.LoginPageTest" name="LoginTest" time="4.809"/>
</testsuite>